2013/11/09 12:48:31 [error] [php] include(password.php): failed to open stream: No such file or directory (C:\xampp\htdocs\yii\framework\YiiBase.php:421)
Stack trace:
#0 C:\xampp\htdocs\yii\framework\validators\CValidator.php(186): import()
#1 C:\xampp\htdocs\yii\framework\base\CModel.php(286): createValidator()
#2 C:\xampp\htdocs\yii\framework\base\CModel.php(260): LoginForm->createValidators()
#3 C:\xampp\htdocs\yii\framework\base\CModel.php(546): LoginForm->getValidators()
#4 C:\xampp\htdocs\yii\framework\base\CModel.php(467): LoginForm->getSafeAttributeNames()
#5 C:\xampp\htdocs\yii\framework\base\CComponent.php(152): LoginForm->setAttributes()
#6 C:\xampp\htdocs\YiiSample\protected\controllers\SiteController.php(92): LoginForm->__set()
#7 C:\xampp\htdocs\yii\framework\web\actions\CInlineAction.php(49): SiteController->actionLogin()
#8 C:\xampp\htdocs\yii\framework\web\CController.php(308): CInlineAction->runWithParams()
#9 C:\xampp\htdocs\yii\framework\web\CController.php(286): SiteController->runAction()
#10 C:\xampp\htdocs\yii\framework\web\CController.php(265): SiteController->runActionWithFilters()
#11 C:\xampp\htdocs\yii\framework\web\CWebApplication.php(282): SiteController->run()
#12 C:\xampp\htdocs\yii\framework\web\CWebApplication.php(141): CWebApplication->runController()
#13 C:\xampp\htdocs\yii\framework\base\CApplication.php(169): CWebApplication->processRequest()
#14 C:\xampp\htdocs\YiiSample\index.php(13): CWebApplication->run()
REQUEST_URI=/yiisample/index.php?r=site/login
in C:\xampp\htdocs\YiiSample\protected\controllers\SiteController.php (92)
in C:\xampp\htdocs\YiiSample\index.php (13)
2013/11/09 12:59:29 [error] [php] include(password.php): failed to open stream: No such file or directory (C:\xampp\htdocs\yii\framework\YiiBase.php:421)
Stack trace:
#0 C:\xampp\htdocs\yii\framework\validators\CValidator.php(186): import()
#1 C:\xampp\htdocs\yii\framework\base\CModel.php(286): createValidator()
#2 C:\xampp\htdocs\yii\framework\base\CModel.php(260): LoginForm->createValidators()
#3 C:\xampp\htdocs\yii\framework\base\CModel.php(303): LoginForm->getValidators()
#4 C:\xampp\htdocs\yii\framework\web\helpers\CHtml.php(1237): LoginForm->isAttributeRequired()
#5 C:\xampp\htdocs\yii\framework\web\widgets\CActiveForm.php(562): activeLabelEx()
#6 C:\xampp\htdocs\YiiSample\protected\views\site\login.php(28): CActiveForm->labelEx()
#7 C:\xampp\htdocs\yii\framework\web\CBaseController.php(126): require()
#8 C:\xampp\htdocs\yii\framework\web\CBaseController.php(95): SiteController->renderInternal()
#9 C:\xampp\htdocs\yii\framework\web\CController.php(869): SiteController->renderFile()
#10 C:\xampp\htdocs\yii\framework\web\CController.php(782): SiteController->renderPartial()
#11 C:\xampp\htdocs\YiiSample\protected\controllers\SiteController.php(98): SiteController->render()
#12 C:\xampp\htdocs\yii\framework\web\actions\CInlineAction.php(49): SiteController->actionLogin()
#13 C:\xampp\htdocs\yii\framework\web\CController.php(308): CInlineAction->runWithParams()
#14 C:\xampp\htdocs\yii\framework\web\CController.php(286): SiteController->runAction()
#15 C:\xampp\htdocs\yii\framework\web\CController.php(265): SiteController->runActionWithFilters()
#16 C:\xampp\htdocs\yii\framework\web\CWebApplication.php(282): SiteController->run()
#17 C:\xampp\htdocs\yii\framework\web\CWebApplication.php(141): CWebApplication->runController()
#18 C:\xampp\htdocs\yii\framework\base\CApplication.php(169): CWebApplication->processRequest()
#19 C:\xampp\htdocs\YiiSample\index.php(13): CWebApplication->run()
REQUEST_URI=/yiisample/index.php?r=site/login
in C:\xampp\htdocs\YiiSample\protected\views\site\login.php (28)
in C:\xampp\htdocs\YiiSample\protected\controllers\SiteController.php (98)
in C:\xampp\htdocs\YiiSample\index.php (13)
2013/11/09 12:59:33 [error] [php] include(password.php): failed to open stream: No such file or directory (C:\xampp\htdocs\yii\framework\YiiBase.php:421)
Stack trace:
#0 C:\xampp\htdocs\yii\framework\validators\CValidator.php(186): import()
#1 C:\xampp\htdocs\yii\framework\base\CModel.php(286): createValidator()
#2 C:\xampp\htdocs\yii\framework\base\CModel.php(260): LoginForm->createValidators()
#3 C:\xampp\htdocs\yii\framework\base\CModel.php(303): LoginForm->getValidators()
#4 C:\xampp\htdocs\yii\framework\web\helpers\CHtml.php(1237): LoginForm->isAttributeRequired()
#5 C:\xampp\htdocs\yii\framework\web\widgets\CActiveForm.php(562): activeLabelEx()
#6 C:\xampp\htdocs\YiiSample\protected\views\site\login.php(28): CActiveForm->labelEx()
#7 C:\xampp\htdocs\yii\framework\web\CBaseController.php(126): require()
#8 C:\xampp\htdocs\yii\framework\web\CBaseController.php(95): SiteController->renderInternal()
#9 C:\xampp\htdocs\yii\framework\web\CController.php(869): SiteController->renderFile()
#10 C:\xampp\htdocs\yii\framework\web\CController.php(782): SiteController->renderPartial()
#11 C:\xampp\htdocs\YiiSample\protected\controllers\SiteController.php(98): SiteController->render()
#12 C:\xampp\htdocs\yii\framework\web\actions\CInlineAction.php(49): SiteController->actionLogin()
#13 C:\xampp\htdocs\yii\framework\web\CController.php(308): CInlineAction->runWithParams()
#14 C:\xampp\htdocs\yii\framework\web\CController.php(286): SiteController->runAction()
#15 C:\xampp\htdocs\yii\framework\web\CController.php(265): SiteController->runActionWithFilters()
#16 C:\xampp\htdocs\yii\framework\web\CWebApplication.php(282): SiteController->run()
#17 C:\xampp\htdocs\yii\framework\web\CWebApplication.php(141): CWebApplication->runController()
#18 C:\xampp\htdocs\yii\framework\base\CApplication.php(169): CWebApplication->processRequest()
#19 C:\xampp\htdocs\YiiSample\index.php(13): CWebApplication->run()
REQUEST_URI=/yiisample/index.php?r=site/login
in C:\xampp\htdocs\YiiSample\protected\views\site\login.php (28)
in C:\xampp\htdocs\YiiSample\protected\controllers\SiteController.php (98)
in C:\xampp\htdocs\YiiSample\index.php (13)
2013/11/09 12:59:36 [error] [php] include(password.php): failed to open stream: No such file or directory (C:\xampp\htdocs\yii\framework\YiiBase.php:421)
Stack trace:
#0 C:\xampp\htdocs\yii\framework\validators\CValidator.php(186): import()
#1 C:\xampp\htdocs\yii\framework\base\CModel.php(286): createValidator()
#2 C:\xampp\htdocs\yii\framework\base\CModel.php(260): LoginForm->createValidators()
#3 C:\xampp\htdocs\yii\framework\base\CModel.php(303): LoginForm->getValidators()
#4 C:\xampp\htdocs\yii\framework\web\helpers\CHtml.php(1237): LoginForm->isAttributeRequired()
#5 C:\xampp\htdocs\yii\framework\web\widgets\CActiveForm.php(562): activeLabelEx()
#6 C:\xampp\htdocs\YiiSample\protected\views\site\login.php(28): CActiveForm->labelEx()
#7 C:\xampp\htdocs\yii\framework\web\CBaseController.php(126): require()
#8 C:\xampp\htdocs\yii\framework\web\CBaseController.php(95): SiteController->renderInternal()
#9 C:\xampp\htdocs\yii\framework\web\CController.php(869): SiteController->renderFile()
#10 C:\xampp\htdocs\yii\framework\web\CController.php(782): SiteController->renderPartial()
#11 C:\xampp\htdocs\YiiSample\protected\controllers\SiteController.php(98): SiteController->render()
#12 C:\xampp\htdocs\yii\framework\web\actions\CInlineAction.php(49): SiteController->actionLogin()
#13 C:\xampp\htdocs\yii\framework\web\CController.php(308): CInlineAction->runWithParams()
#14 C:\xampp\htdocs\yii\framework\web\CController.php(286): SiteController->runAction()
#15 C:\xampp\htdocs\yii\framework\web\CController.php(265): SiteController->runActionWithFilters()
#16 C:\xampp\htdocs\yii\framework\web\CWebApplication.php(282): SiteController->run()
#17 C:\xampp\htdocs\yii\framework\web\CWebApplication.php(141): CWebApplication->runController()
#18 C:\xampp\htdocs\yii\framework\base\CApplication.php(169): CWebApplication->processRequest()
#19 C:\xampp\htdocs\YiiSample\index.php(13): CWebApplication->run()
REQUEST_URI=/yiisample/index.php?r=site/login
in C:\xampp\htdocs\YiiSample\protected\views\site\login.php (28)
in C:\xampp\htdocs\YiiSample\protected\controllers\SiteController.php (98)
in C:\xampp\htdocs\YiiSample\index.php (13)
2013/11/09 12:59:38 [error] [php] include(password.php): failed to open stream: No such file or directory (C:\xampp\htdocs\yii\framework\YiiBase.php:421)
Stack trace:
#0 C:\xampp\htdocs\yii\framework\validators\CValidator.php(186): import()
#1 C:\xampp\htdocs\yii\framework\base\CModel.php(286): createValidator()
#2 C:\xampp\htdocs\yii\framework\base\CModel.php(260): LoginForm->createValidators()
#3 C:\xampp\htdocs\yii\framework\base\CModel.php(303): LoginForm->getValidators()
#4 C:\xampp\htdocs\yii\framework\web\helpers\CHtml.php(1237): LoginForm->isAttributeRequired()
#5 C:\xampp\htdocs\yii\framework\web\widgets\CActiveForm.php(562): activeLabelEx()
#6 C:\xampp\htdocs\YiiSample\protected\views\site\login.php(28): CActiveForm->labelEx()
#7 C:\xampp\htdocs\yii\framework\web\CBaseController.php(126): require()
#8 C:\xampp\htdocs\yii\framework\web\CBaseController.php(95): SiteController->renderInternal()
#9 C:\xampp\htdocs\yii\framework\web\CController.php(869): SiteController->renderFile()
#10 C:\xampp\htdocs\yii\framework\web\CController.php(782): SiteController->renderPartial()
#11 C:\xampp\htdocs\YiiSample\protected\controllers\SiteController.php(98): SiteController->render()
#12 C:\xampp\htdocs\yii\framework\web\actions\CInlineAction.php(49): SiteController->actionLogin()
#13 C:\xampp\htdocs\yii\framework\web\CController.php(308): CInlineAction->runWithParams()
#14 C:\xampp\htdocs\yii\framework\web\CController.php(286): SiteController->runAction()
#15 C:\xampp\htdocs\yii\framework\web\CController.php(265): SiteController->runActionWithFilters()
#16 C:\xampp\htdocs\yii\framework\web\CWebApplication.php(282): SiteController->run()
#17 C:\xampp\htdocs\yii\framework\web\CWebApplication.php(141): CWebApplication->runController()
#18 C:\xampp\htdocs\yii\framework\base\CApplication.php(169): CWebApplication->processRequest()
#19 C:\xampp\htdocs\YiiSample\index.php(13): CWebApplication->run()
REQUEST_URI=/yiisample/index.php?r=site/login
in C:\xampp\htdocs\YiiSample\protected\views\site\login.php (28)
in C:\xampp\htdocs\YiiSample\protected\controllers\SiteController.php (98)
in C:\xampp\htdocs\YiiSample\index.php (13)
2013/11/09 12:59:38 [error] [php] include(password.php): failed to open stream: No such file or directory (C:\xampp\htdocs\yii\framework\YiiBase.php:421)
Stack trace:
#0 C:\xampp\htdocs\yii\framework\validators\CValidator.php(186): import()
#1 C:\xampp\htdocs\yii\framework\base\CModel.php(286): createValidator()
#2 C:\xampp\htdocs\yii\framework\base\CModel.php(260): LoginForm->createValidators()
#3 C:\xampp\htdocs\yii\framework\base\CModel.php(303): LoginForm->getValidators()
#4 C:\xampp\htdocs\yii\framework\web\helpers\CHtml.php(1237): LoginForm->isAttributeRequired()
#5 C:\xampp\htdocs\yii\framework\web\widgets\CActiveForm.php(562): activeLabelEx()
#6 C:\xampp\htdocs\YiiSample\protected\views\site\login.php(28): CActiveForm->labelEx()
#7 C:\xampp\htdocs\yii\framework\web\CBaseController.php(126): require()
#8 C:\xampp\htdocs\yii\framework\web\CBaseController.php(95): SiteController->renderInternal()
#9 C:\xampp\htdocs\yii\framework\web\CController.php(869): SiteController->renderFile()
#10 C:\xampp\htdocs\yii\framework\web\CController.php(782): SiteController->renderPartial()
#11 C:\xampp\htdocs\YiiSample\protected\controllers\SiteController.php(98): SiteController->render()
#12 C:\xampp\htdocs\yii\framework\web\actions\CInlineAction.php(49): SiteController->actionLogin()
#13 C:\xampp\htdocs\yii\framework\web\CController.php(308): CInlineAction->runWithParams()
#14 C:\xampp\htdocs\yii\framework\web\CController.php(286): SiteController->runAction()
#15 C:\xampp\htdocs\yii\framework\web\CController.php(265): SiteController->runActionWithFilters()
#16 C:\xampp\htdocs\yii\framework\web\CWebApplication.php(282): SiteController->run()
#17 C:\xampp\htdocs\yii\framework\web\CWebApplication.php(141): CWebApplication->runController()
#18 C:\xampp\htdocs\yii\framework\base\CApplication.php(169): CWebApplication->processRequest()
#19 C:\xampp\htdocs\YiiSample\index.php(13): CWebApplication->run()
REQUEST_URI=/yiisample/index.php?r=site/login
in C:\xampp\htdocs\YiiSample\protected\views\site\login.php (28)
in C:\xampp\htdocs\YiiSample\protected\controllers\SiteController.php (98)
in C:\xampp\htdocs\YiiSample\index.php (13)
2013/11/09 13:00:09 [error] [php] include(password.php): failed to open stream: No such file or directory (C:\xampp\htdocs\yii\framework\YiiBase.php:421)
Stack trace:
#0 C:\xampp\htdocs\yii\framework\validators\CValidator.php(186): import()
#1 C:\xampp\htdocs\yii\framework\base\CModel.php(286): createValidator()
#2 C:\xampp\htdocs\yii\framework\base\CModel.php(260): LoginForm->createValidators()
#3 C:\xampp\htdocs\yii\framework\base\CModel.php(303): LoginForm->getValidators()
#4 C:\xampp\htdocs\yii\framework\web\helpers\CHtml.php(1237): LoginForm->isAttributeRequired()
#5 C:\xampp\htdocs\yii\framework\web\widgets\CActiveForm.php(562): activeLabelEx()
#6 C:\xampp\htdocs\YiiSample\protected\views\site\login.php(28): CActiveForm->labelEx()
#7 C:\xampp\htdocs\yii\framework\web\CBaseController.php(126): require()
#8 C:\xampp\htdocs\yii\framework\web\CBaseController.php(95): SiteController->renderInternal()
#9 C:\xampp\htdocs\yii\framework\web\CController.php(869): SiteController->renderFile()
#10 C:\xampp\htdocs\yii\framework\web\CController.php(782): SiteController->renderPartial()
#11 C:\xampp\htdocs\YiiSample\protected\controllers\SiteController.php(98): SiteController->render()
#12 C:\xampp\htdocs\yii\framework\web\actions\CInlineAction.php(49): SiteController->actionLogin()
#13 C:\xampp\htdocs\yii\framework\web\CController.php(308): CInlineAction->runWithParams()
#14 C:\xampp\htdocs\yii\framework\web\CController.php(286): SiteController->runAction()
#15 C:\xampp\htdocs\yii\framework\web\CController.php(265): SiteController->runActionWithFilters()
#16 C:\xampp\htdocs\yii\framework\web\CWebApplication.php(282): SiteController->run()
#17 C:\xampp\htdocs\yii\framework\web\CWebApplication.php(141): CWebApplication->runController()
#18 C:\xampp\htdocs\yii\framework\base\CApplication.php(169): CWebApplication->processRequest()
#19 C:\xampp\htdocs\YiiSample\index.php(13): CWebApplication->run()
REQUEST_URI=/yiisample/index.php?r=site/login
in C:\xampp\htdocs\YiiSample\protected\views\site\login.php (28)
in C:\xampp\htdocs\YiiSample\protected\controllers\SiteController.php (98)
in C:\xampp\htdocs\YiiSample\index.php (13)
2013/11/09 13:00:11 [error] [php] include(password.php): failed to open stream: No such file or directory (C:\xampp\htdocs\yii\framework\YiiBase.php:421)
Stack trace:
#0 C:\xampp\htdocs\yii\framework\validators\CValidator.php(186): import()
#1 C:\xampp\htdocs\yii\framework\base\CModel.php(286): createValidator()
#2 C:\xampp\htdocs\yii\framework\base\CModel.php(260): LoginForm->createValidators()
#3 C:\xampp\htdocs\yii\framework\base\CModel.php(303): LoginForm->getValidators()
#4 C:\xampp\htdocs\yii\framework\web\helpers\CHtml.php(1237): LoginForm->isAttributeRequired()
#5 C:\xampp\htdocs\yii\framework\web\widgets\CActiveForm.php(562): activeLabelEx()
#6 C:\xampp\htdocs\YiiSample\protected\views\site\login.php(28): CActiveForm->labelEx()
#7 C:\xampp\htdocs\yii\framework\web\CBaseController.php(126): require()
#8 C:\xampp\htdocs\yii\framework\web\CBaseController.php(95): SiteController->renderInternal()
#9 C:\xampp\htdocs\yii\framework\web\CController.php(869): SiteController->renderFile()
#10 C:\xampp\htdocs\yii\framework\web\CController.php(782): SiteController->renderPartial()
#11 C:\xampp\htdocs\YiiSample\protected\controllers\SiteController.php(98): SiteController->render()
#12 C:\xampp\htdocs\yii\framework\web\actions\CInlineAction.php(49): SiteController->actionLogin()
#13 C:\xampp\htdocs\yii\framework\web\CController.php(308): CInlineAction->runWithParams()
#14 C:\xampp\htdocs\yii\framework\web\CController.php(286): SiteController->runAction()
#15 C:\xampp\htdocs\yii\framework\web\CController.php(265): SiteController->runActionWithFilters()
#16 C:\xampp\htdocs\yii\framework\web\CWebApplication.php(282): SiteController->run()
#17 C:\xampp\htdocs\yii\framework\web\CWebApplication.php(141): CWebApplication->runController()
#18 C:\xampp\htdocs\yii\framework\base\CApplication.php(169): CWebApplication->processRequest()
#19 C:\xampp\htdocs\YiiSample\index.php(13): CWebApplication->run()
REQUEST_URI=/yiisample/index.php?r=site/login
in C:\xampp\htdocs\YiiSample\protected\views\site\login.php (28)
in C:\xampp\htdocs\YiiSample\protected\controllers\SiteController.php (98)
in C:\xampp\htdocs\YiiSample\index.php (13)
2013/11/09 13:00:27 [error] [php] include(password.php): failed to open stream: No such file or directory (C:\xampp\htdocs\yii\framework\YiiBase.php:421)
Stack trace:
#0 C:\xampp\htdocs\yii\framework\validators\CValidator.php(186): import()
#1 C:\xampp\htdocs\yii\framework\base\CModel.php(286): createValidator()
#2 C:\xampp\htdocs\yii\framework\base\CModel.php(260): LoginForm->createValidators()
#3 C:\xampp\htdocs\yii\framework\base\CModel.php(303): LoginForm->getValidators()
#4 C:\xampp\htdocs\yii\framework\web\helpers\CHtml.php(1237): LoginForm->isAttributeRequired()
#5 C:\xampp\htdocs\yii\framework\web\widgets\CActiveForm.php(562): activeLabelEx()
#6 C:\xampp\htdocs\YiiSample\protected\views\site\login.php(28): CActiveForm->labelEx()
#7 C:\xampp\htdocs\yii\framework\web\CBaseController.php(126): require()
#8 C:\xampp\htdocs\yii\framework\web\CBaseController.php(95): SiteController->renderInternal()
#9 C:\xampp\htdocs\yii\framework\web\CController.php(869): SiteController->renderFile()
#10 C:\xampp\htdocs\yii\framework\web\CController.php(782): SiteController->renderPartial()
#11 C:\xampp\htdocs\YiiSample\protected\controllers\SiteController.php(98): SiteController->render()
#12 C:\xampp\htdocs\yii\framework\web\actions\CInlineAction.php(49): SiteController->actionLogin()
#13 C:\xampp\htdocs\yii\framework\web\CController.php(308): CInlineAction->runWithParams()
#14 C:\xampp\htdocs\yii\framework\web\CController.php(286): SiteController->runAction()
#15 C:\xampp\htdocs\yii\framework\web\CController.php(265): SiteController->runActionWithFilters()
#16 C:\xampp\htdocs\yii\framework\web\CWebApplication.php(282): SiteController->run()
#17 C:\xampp\htdocs\yii\framework\web\CWebApplication.php(141): CWebApplication->runController()
#18 C:\xampp\htdocs\yii\framework\base\CApplication.php(169): CWebApplication->processRequest()
#19 C:\xampp\htdocs\YiiSample\index.php(13): CWebApplication->run()
REQUEST_URI=/yiisample/index.php?r=site/login
in C:\xampp\htdocs\YiiSample\protected\views\site\login.php (28)
in C:\xampp\htdocs\YiiSample\protected\controllers\SiteController.php (98)
in C:\xampp\htdocs\YiiSample\index.php (13)
2013/11/09 13:00:46 [error] [php] include(password.php): failed to open stream: No such file or directory (C:\xampp\htdocs\yii\framework\YiiBase.php:421)
Stack trace:
#0 C:\xampp\htdocs\yii\framework\validators\CValidator.php(186): import()
#1 C:\xampp\htdocs\yii\framework\base\CModel.php(286): createValidator()
#2 C:\xampp\htdocs\yii\framework\base\CModel.php(260): LoginForm->createValidators()
#3 C:\xampp\htdocs\yii\framework\base\CModel.php(303): LoginForm->getValidators()
#4 C:\xampp\htdocs\yii\framework\web\helpers\CHtml.php(1237): LoginForm->isAttributeRequired()
#5 C:\xampp\htdocs\yii\framework\web\widgets\CActiveForm.php(562): activeLabelEx()
#6 C:\xampp\htdocs\YiiSample\protected\views\site\login.php(28): CActiveForm->labelEx()
#7 C:\xampp\htdocs\yii\framework\web\CBaseController.php(126): require()
#8 C:\xampp\htdocs\yii\framework\web\CBaseController.php(95): SiteController->renderInternal()
#9 C:\xampp\htdocs\yii\framework\web\CController.php(869): SiteController->renderFile()
#10 C:\xampp\htdocs\yii\framework\web\CController.php(782): SiteController->renderPartial()
#11 C:\xampp\htdocs\YiiSample\protected\controllers\SiteController.php(98): SiteController->render()
#12 C:\xampp\htdocs\yii\framework\web\actions\CInlineAction.php(49): SiteController->actionLogin()
#13 C:\xampp\htdocs\yii\framework\web\CController.php(308): CInlineAction->runWithParams()
#14 C:\xampp\htdocs\yii\framework\web\CController.php(286): SiteController->runAction()
#15 C:\xampp\htdocs\yii\framework\web\CController.php(265): SiteController->runActionWithFilters()
#16 C:\xampp\htdocs\yii\framework\web\CWebApplication.php(282): SiteController->run()
#17 C:\xampp\htdocs\yii\framework\web\CWebApplication.php(141): CWebApplication->runController()
#18 C:\xampp\htdocs\yii\framework\base\CApplication.php(169): CWebApplication->processRequest()
#19 C:\xampp\htdocs\YiiSample\index.php(13): CWebApplication->run()
REQUEST_URI=/yiisample/index.php?r=site/login
in C:\xampp\htdocs\YiiSample\protected\views\site\login.php (28)
in C:\xampp\htdocs\YiiSample\protected\controllers\SiteController.php (98)
in C:\xampp\htdocs\YiiSample\index.php (13)
2013/11/09 13:00:47 [error] [php] include(password.php): failed to open stream: No such file or directory (C:\xampp\htdocs\yii\framework\YiiBase.php:421)
Stack trace:
#0 C:\xampp\htdocs\yii\framework\validators\CValidator.php(186): import()
#1 C:\xampp\htdocs\yii\framework\base\CModel.php(286): createValidator()
#2 C:\xampp\htdocs\yii\framework\base\CModel.php(260): LoginForm->createValidators()
#3 C:\xampp\htdocs\yii\framework\base\CModel.php(303): LoginForm->getValidators()
#4 C:\xampp\htdocs\yii\framework\web\helpers\CHtml.php(1237): LoginForm->isAttributeRequired()
#5 C:\xampp\htdocs\yii\framework\web\widgets\CActiveForm.php(562): activeLabelEx()
#6 C:\xampp\htdocs\YiiSample\protected\views\site\login.php(28): CActiveForm->labelEx()
#7 C:\xampp\htdocs\yii\framework\web\CBaseController.php(126): require()
#8 C:\xampp\htdocs\yii\framework\web\CBaseController.php(95): SiteController->renderInternal()
#9 C:\xampp\htdocs\yii\framework\web\CController.php(869): SiteController->renderFile()
#10 C:\xampp\htdocs\yii\framework\web\CController.php(782): SiteController->renderPartial()
#11 C:\xampp\htdocs\YiiSample\protected\controllers\SiteController.php(98): SiteController->render()
#12 C:\xampp\htdocs\yii\framework\web\actions\CInlineAction.php(49): SiteController->actionLogin()
#13 C:\xampp\htdocs\yii\framework\web\CController.php(308): CInlineAction->runWithParams()
#14 C:\xampp\htdocs\yii\framework\web\CController.php(286): SiteController->runAction()
#15 C:\xampp\htdocs\yii\framework\web\CController.php(265): SiteController->runActionWithFilters()
#16 C:\xampp\htdocs\yii\framework\web\CWebApplication.php(282): SiteController->run()
#17 C:\xampp\htdocs\yii\framework\web\CWebApplication.php(141): CWebApplication->runController()
#18 C:\xampp\htdocs\yii\framework\base\CApplication.php(169): CWebApplication->processRequest()
#19 C:\xampp\htdocs\YiiSample\index.php(13): CWebApplication->run()
REQUEST_URI=/yiisample/index.php?r=site/login
in C:\xampp\htdocs\YiiSample\protected\views\site\login.php (28)
in C:\xampp\htdocs\YiiSample\protected\controllers\SiteController.php (98)
in C:\xampp\htdocs\YiiSample\index.php (13)
2013/11/09 13:00:48 [error] [php] include(password.php): failed to open stream: No such file or directory (C:\xampp\htdocs\yii\framework\YiiBase.php:421)
Stack trace:
#0 C:\xampp\htdocs\yii\framework\validators\CValidator.php(186): import()
#1 C:\xampp\htdocs\yii\framework\base\CModel.php(286): createValidator()
#2 C:\xampp\htdocs\yii\framework\base\CModel.php(260): LoginForm->createValidators()
#3 C:\xampp\htdocs\yii\framework\base\CModel.php(303): LoginForm->getValidators()
#4 C:\xampp\htdocs\yii\framework\web\helpers\CHtml.php(1237): LoginForm->isAttributeRequired()
#5 C:\xampp\htdocs\yii\framework\web\widgets\CActiveForm.php(562): activeLabelEx()
#6 C:\xampp\htdocs\YiiSample\protected\views\site\login.php(28): CActiveForm->labelEx()
#7 C:\xampp\htdocs\yii\framework\web\CBaseController.php(126): require()
#8 C:\xampp\htdocs\yii\framework\web\CBaseController.php(95): SiteController->renderInternal()
#9 C:\xampp\htdocs\yii\framework\web\CController.php(869): SiteController->renderFile()
#10 C:\xampp\htdocs\yii\framework\web\CController.php(782): SiteController->renderPartial()
#11 C:\xampp\htdocs\YiiSample\protected\controllers\SiteController.php(98): SiteController->render()
#12 C:\xampp\htdocs\yii\framework\web\actions\CInlineAction.php(49): SiteController->actionLogin()
#13 C:\xampp\htdocs\yii\framework\web\CController.php(308): CInlineAction->runWithParams()
#14 C:\xampp\htdocs\yii\framework\web\CController.php(286): SiteController->runAction()
#15 C:\xampp\htdocs\yii\framework\web\CController.php(265): SiteController->runActionWithFilters()
#16 C:\xampp\htdocs\yii\framework\web\CWebApplication.php(282): SiteController->run()
#17 C:\xampp\htdocs\yii\framework\web\CWebApplication.php(141): CWebApplication->runController()
#18 C:\xampp\htdocs\yii\framework\base\CApplication.php(169): CWebApplication->processRequest()
#19 C:\xampp\htdocs\YiiSample\index.php(13): CWebApplication->run()
REQUEST_URI=/yiisample/index.php?r=site/login
in C:\xampp\htdocs\YiiSample\protected\views\site\login.php (28)
in C:\xampp\htdocs\YiiSample\protected\controllers\SiteController.php (98)
in C:\xampp\htdocs\YiiSample\index.php (13)
2013/11/09 13:00:56 [error] [php] include(password.php): failed to open stream: No such file or directory (C:\xampp\htdocs\yii\framework\YiiBase.php:421)
Stack trace:
#0 C:\xampp\htdocs\yii\framework\validators\CValidator.php(186): import()
#1 C:\xampp\htdocs\yii\framework\base\CModel.php(286): createValidator()
#2 C:\xampp\htdocs\yii\framework\base\CModel.php(260): LoginForm->createValidators()
#3 C:\xampp\htdocs\yii\framework\base\CModel.php(303): LoginForm->getValidators()
#4 C:\xampp\htdocs\yii\framework\web\helpers\CHtml.php(1237): LoginForm->isAttributeRequired()
#5 C:\xampp\htdocs\yii\framework\web\widgets\CActiveForm.php(562): activeLabelEx()
#6 C:\xampp\htdocs\YiiSample\protected\views\site\login.php(28): CActiveForm->labelEx()
#7 C:\xampp\htdocs\yii\framework\web\CBaseController.php(126): require()
#8 C:\xampp\htdocs\yii\framework\web\CBaseController.php(95): SiteController->renderInternal()
#9 C:\xampp\htdocs\yii\framework\web\CController.php(869): SiteController->renderFile()
#10 C:\xampp\htdocs\yii\framework\web\CController.php(782): SiteController->renderPartial()
#11 C:\xampp\htdocs\YiiSample\protected\controllers\SiteController.php(98): SiteController->render()
#12 C:\xampp\htdocs\yii\framework\web\actions\CInlineAction.php(49): SiteController->actionLogin()
#13 C:\xampp\htdocs\yii\framework\web\CController.php(308): CInlineAction->runWithParams()
#14 C:\xampp\htdocs\yii\framework\web\CController.php(286): SiteController->runAction()
#15 C:\xampp\htdocs\yii\framework\web\CController.php(265): SiteController->runActionWithFilters()
#16 C:\xampp\htdocs\yii\framework\web\CWebApplication.php(282): SiteController->run()
#17 C:\xampp\htdocs\yii\framework\web\CWebApplication.php(141): CWebApplication->runController()
#18 C:\xampp\htdocs\yii\framework\base\CApplication.php(169): CWebApplication->processRequest()
#19 C:\xampp\htdocs\YiiSample\index.php(13): CWebApplication->run()
REQUEST_URI=/yiisample/index.php?r=site/login
in C:\xampp\htdocs\YiiSample\protected\views\site\login.php (28)
in C:\xampp\htdocs\YiiSample\protected\controllers\SiteController.php (98)
in C:\xampp\htdocs\YiiSample\index.php (13)
2013/11/09 13:00:57 [error] [php] include(password.php): failed to open stream: No such file or directory (C:\xampp\htdocs\yii\framework\YiiBase.php:421)
Stack trace:
#0 C:\xampp\htdocs\yii\framework\validators\CValidator.php(186): import()
#1 C:\xampp\htdocs\yii\framework\base\CModel.php(286): createValidator()
#2 C:\xampp\htdocs\yii\framework\base\CModel.php(260): LoginForm->createValidators()
#3 C:\xampp\htdocs\yii\framework\base\CModel.php(303): LoginForm->getValidators()
#4 C:\xampp\htdocs\yii\framework\web\helpers\CHtml.php(1237): LoginForm->isAttributeRequired()
#5 C:\xampp\htdocs\yii\framework\web\widgets\CActiveForm.php(562): activeLabelEx()
#6 C:\xampp\htdocs\YiiSample\protected\views\site\login.php(28): CActiveForm->labelEx()
#7 C:\xampp\htdocs\yii\framework\web\CBaseController.php(126): require()
#8 C:\xampp\htdocs\yii\framework\web\CBaseController.php(95): SiteController->renderInternal()
#9 C:\xampp\htdocs\yii\framework\web\CController.php(869): SiteController->renderFile()
#10 C:\xampp\htdocs\yii\framework\web\CController.php(782): SiteController->renderPartial()
#11 C:\xampp\htdocs\YiiSample\protected\controllers\SiteController.php(98): SiteController->render()
#12 C:\xampp\htdocs\yii\framework\web\actions\CInlineAction.php(49): SiteController->actionLogin()
#13 C:\xampp\htdocs\yii\framework\web\CController.php(308): CInlineAction->runWithParams()
#14 C:\xampp\htdocs\yii\framework\web\CController.php(286): SiteController->runAction()
#15 C:\xampp\htdocs\yii\framework\web\CController.php(265): SiteController->runActionWithFilters()
#16 C:\xampp\htdocs\yii\framework\web\CWebApplication.php(282): SiteController->run()
#17 C:\xampp\htdocs\yii\framework\web\CWebApplication.php(141): CWebApplication->runController()
#18 C:\xampp\htdocs\yii\framework\base\CApplication.php(169): CWebApplication->processRequest()
#19 C:\xampp\htdocs\YiiSample\index.php(13): CWebApplication->run()
REQUEST_URI=/yiisample/index.php?r=site/login
in C:\xampp\htdocs\YiiSample\protected\views\site\login.php (28)
in C:\xampp\htdocs\YiiSample\protected\controllers\SiteController.php (98)
in C:\xampp\htdocs\YiiSample\index.php (13)
2013/11/09 13:01:03 [error] [php] include(password.php): failed to open stream: No such file or directory (C:\xampp\htdocs\yii\framework\YiiBase.php:421)
Stack trace:
#0 C:\xampp\htdocs\yii\framework\validators\CValidator.php(186): import()
#1 C:\xampp\htdocs\yii\framework\base\CModel.php(286): createValidator()
#2 C:\xampp\htdocs\yii\framework\base\CModel.php(260): LoginForm->createValidators()
#3 C:\xampp\htdocs\yii\framework\base\CModel.php(303): LoginForm->getValidators()
#4 C:\xampp\htdocs\yii\framework\web\helpers\CHtml.php(1237): LoginForm->isAttributeRequired()
#5 C:\xampp\htdocs\yii\framework\web\widgets\CActiveForm.php(562): activeLabelEx()
#6 C:\xampp\htdocs\YiiSample\protected\views\site\login.php(28): CActiveForm->labelEx()
#7 C:\xampp\htdocs\yii\framework\web\CBaseController.php(126): require()
#8 C:\xampp\htdocs\yii\framework\web\CBaseController.php(95): SiteController->renderInternal()
#9 C:\xampp\htdocs\yii\framework\web\CController.php(869): SiteController->renderFile()
#10 C:\xampp\htdocs\yii\framework\web\CController.php(782): SiteController->renderPartial()
#11 C:\xampp\htdocs\YiiSample\protected\controllers\SiteController.php(98): SiteController->render()
#12 C:\xampp\htdocs\yii\framework\web\actions\CInlineAction.php(49): SiteController->actionLogin()
#13 C:\xampp\htdocs\yii\framework\web\CController.php(308): CInlineAction->runWithParams()
#14 C:\xampp\htdocs\yii\framework\web\CController.php(286): SiteController->runAction()
#15 C:\xampp\htdocs\yii\framework\web\CController.php(265): SiteController->runActionWithFilters()
#16 C:\xampp\htdocs\yii\framework\web\CWebApplication.php(282): SiteController->run()
#17 C:\xampp\htdocs\yii\framework\web\CWebApplication.php(141): CWebApplication->runController()
#18 C:\xampp\htdocs\yii\framework\base\CApplication.php(169): CWebApplication->processRequest()
#19 C:\xampp\htdocs\YiiSample\index.php(13): CWebApplication->run()
REQUEST_URI=/yiisample/index.php?r=site/login
in C:\xampp\htdocs\YiiSample\protected\views\site\login.php (28)
in C:\xampp\htdocs\YiiSample\protected\controllers\SiteController.php (98)
in C:\xampp\htdocs\YiiSample\index.php (13)
2013/11/09 13:01:04 [error] [php] include(password.php): failed to open stream: No such file or directory (C:\xampp\htdocs\yii\framework\YiiBase.php:421)
Stack trace:
#0 C:\xampp\htdocs\yii\framework\validators\CValidator.php(186): import()
#1 C:\xampp\htdocs\yii\framework\base\CModel.php(286): createValidator()
#2 C:\xampp\htdocs\yii\framework\base\CModel.php(260): LoginForm->createValidators()
#3 C:\xampp\htdocs\yii\framework\base\CModel.php(303): LoginForm->getValidators()
#4 C:\xampp\htdocs\yii\framework\web\helpers\CHtml.php(1237): LoginForm->isAttributeRequired()
#5 C:\xampp\htdocs\yii\framework\web\widgets\CActiveForm.php(562): activeLabelEx()
#6 C:\xampp\htdocs\YiiSample\protected\views\site\login.php(28): CActiveForm->labelEx()
#7 C:\xampp\htdocs\yii\framework\web\CBaseController.php(126): require()
#8 C:\xampp\htdocs\yii\framework\web\CBaseController.php(95): SiteController->renderInternal()
#9 C:\xampp\htdocs\yii\framework\web\CController.php(869): SiteController->renderFile()
#10 C:\xampp\htdocs\yii\framework\web\CController.php(782): SiteController->renderPartial()
#11 C:\xampp\htdocs\YiiSample\protected\controllers\SiteController.php(98): SiteController->render()
#12 C:\xampp\htdocs\yii\framework\web\actions\CInlineAction.php(49): SiteController->actionLogin()
#13 C:\xampp\htdocs\yii\framework\web\CController.php(308): CInlineAction->runWithParams()
#14 C:\xampp\htdocs\yii\framework\web\CController.php(286): SiteController->runAction()
#15 C:\xampp\htdocs\yii\framework\web\CController.php(265): SiteController->runActionWithFilters()
#16 C:\xampp\htdocs\yii\framework\web\CWebApplication.php(282): SiteController->run()
#17 C:\xampp\htdocs\yii\framework\web\CWebApplication.php(141): CWebApplication->runController()
#18 C:\xampp\htdocs\yii\framework\base\CApplication.php(169): CWebApplication->processRequest()
#19 C:\xampp\htdocs\YiiSample\index.php(13): CWebApplication->run()
REQUEST_URI=/yiisample/index.php?r=site/login
in C:\xampp\htdocs\YiiSample\protected\views\site\login.php (28)
in C:\xampp\htdocs\YiiSample\protected\controllers\SiteController.php (98)
in C:\xampp\htdocs\YiiSample\index.php (13)
2013/11/09 13:01:04 [error] [php] include(password.php): failed to open stream: No such file or directory (C:\xampp\htdocs\yii\framework\YiiBase.php:421)
Stack trace:
#0 C:\xampp\htdocs\yii\framework\validators\CValidator.php(186): import()
#1 C:\xampp\htdocs\yii\framework\base\CModel.php(286): createValidator()
#2 C:\xampp\htdocs\yii\framework\base\CModel.php(260): LoginForm->createValidators()
#3 C:\xampp\htdocs\yii\framework\base\CModel.php(303): LoginForm->getValidators()
#4 C:\xampp\htdocs\yii\framework\web\helpers\CHtml.php(1237): LoginForm->isAttributeRequired()
#5 C:\xampp\htdocs\yii\framework\web\widgets\CActiveForm.php(562): activeLabelEx()
#6 C:\xampp\htdocs\YiiSample\protected\views\site\login.php(28): CActiveForm->labelEx()
#7 C:\xampp\htdocs\yii\framework\web\CBaseController.php(126): require()
#8 C:\xampp\htdocs\yii\framework\web\CBaseController.php(95): SiteController->renderInternal()
#9 C:\xampp\htdocs\yii\framework\web\CController.php(869): SiteController->renderFile()
#10 C:\xampp\htdocs\yii\framework\web\CController.php(782): SiteController->renderPartial()
#11 C:\xampp\htdocs\YiiSample\protected\controllers\SiteController.php(98): SiteController->render()
#12 C:\xampp\htdocs\yii\framework\web\actions\CInlineAction.php(49): SiteController->actionLogin()
#13 C:\xampp\htdocs\yii\framework\web\CController.php(308): CInlineAction->runWithParams()
#14 C:\xampp\htdocs\yii\framework\web\CController.php(286): SiteController->runAction()
#15 C:\xampp\htdocs\yii\framework\web\CController.php(265): SiteController->runActionWithFilters()
#16 C:\xampp\htdocs\yii\framework\web\CWebApplication.php(282): SiteController->run()
#17 C:\xampp\htdocs\yii\framework\web\CWebApplication.php(141): CWebApplication->runController()
#18 C:\xampp\htdocs\yii\framework\base\CApplication.php(169): CWebApplication->processRequest()
#19 C:\xampp\htdocs\YiiSample\index.php(13): CWebApplication->run()
REQUEST_URI=/yiisample/index.php?r=site/login
in C:\xampp\htdocs\YiiSample\protected\views\site\login.php (28)
in C:\xampp\htdocs\YiiSample\protected\controllers\SiteController.php (98)
in C:\xampp\htdocs\YiiSample\index.php (13)
2013/11/09 13:01:05 [error] [php] include(password.php): failed to open stream: No such file or directory (C:\xampp\htdocs\yii\framework\YiiBase.php:421)
Stack trace:
#0 C:\xampp\htdocs\yii\framework\validators\CValidator.php(186): import()
#1 C:\xampp\htdocs\yii\framework\base\CModel.php(286): createValidator()
#2 C:\xampp\htdocs\yii\framework\base\CModel.php(260): LoginForm->createValidators()
#3 C:\xampp\htdocs\yii\framework\base\CModel.php(303): LoginForm->getValidators()
#4 C:\xampp\htdocs\yii\framework\web\helpers\CHtml.php(1237): LoginForm->isAttributeRequired()
#5 C:\xampp\htdocs\yii\framework\web\widgets\CActiveForm.php(562): activeLabelEx()
#6 C:\xampp\htdocs\YiiSample\protected\views\site\login.php(28): CActiveForm->labelEx()
#7 C:\xampp\htdocs\yii\framework\web\CBaseController.php(126): require()
#8 C:\xampp\htdocs\yii\framework\web\CBaseController.php(95): SiteController->renderInternal()
#9 C:\xampp\htdocs\yii\framework\web\CController.php(869): SiteController->renderFile()
#10 C:\xampp\htdocs\yii\framework\web\CController.php(782): SiteController->renderPartial()
#11 C:\xampp\htdocs\YiiSample\protected\controllers\SiteController.php(98): SiteController->render()
#12 C:\xampp\htdocs\yii\framework\web\actions\CInlineAction.php(49): SiteController->actionLogin()
#13 C:\xampp\htdocs\yii\framework\web\CController.php(308): CInlineAction->runWithParams()
#14 C:\xampp\htdocs\yii\framework\web\CController.php(286): SiteController->runAction()
#15 C:\xampp\htdocs\yii\framework\web\CController.php(265): SiteController->runActionWithFilters()
#16 C:\xampp\htdocs\yii\framework\web\CWebApplication.php(282): SiteController->run()
#17 C:\xampp\htdocs\yii\framework\web\CWebApplication.php(141): CWebApplication->runController()
#18 C:\xampp\htdocs\yii\framework\base\CApplication.php(169): CWebApplication->processRequest()
#19 C:\xampp\htdocs\YiiSample\index.php(13): CWebApplication->run()
REQUEST_URI=/yiisample/index.php?r=site/login
in C:\xampp\htdocs\YiiSample\protected\views\site\login.php (28)
in C:\xampp\htdocs\YiiSample\protected\controllers\SiteController.php (98)
in C:\xampp\htdocs\YiiSample\index.php (13)
2013/11/09 13:01:05 [error] [php] include(password.php): failed to open stream: No such file or directory (C:\xampp\htdocs\yii\framework\YiiBase.php:421)
Stack trace:
#0 C:\xampp\htdocs\yii\framework\validators\CValidator.php(186): import()
#1 C:\xampp\htdocs\yii\framework\base\CModel.php(286): createValidator()
#2 C:\xampp\htdocs\yii\framework\base\CModel.php(260): LoginForm->createValidators()
#3 C:\xampp\htdocs\yii\framework\base\CModel.php(303): LoginForm->getValidators()
#4 C:\xampp\htdocs\yii\framework\web\helpers\CHtml.php(1237): LoginForm->isAttributeRequired()
#5 C:\xampp\htdocs\yii\framework\web\widgets\CActiveForm.php(562): activeLabelEx()
#6 C:\xampp\htdocs\YiiSample\protected\views\site\login.php(28): CActiveForm->labelEx()
#7 C:\xampp\htdocs\yii\framework\web\CBaseController.php(126): require()
#8 C:\xampp\htdocs\yii\framework\web\CBaseController.php(95): SiteController->renderInternal()
#9 C:\xampp\htdocs\yii\framework\web\CController.php(869): SiteController->renderFile()
#10 C:\xampp\htdocs\yii\framework\web\CController.php(782): SiteController->renderPartial()
#11 C:\xampp\htdocs\YiiSample\protected\controllers\SiteController.php(98): SiteController->render()
#12 C:\xampp\htdocs\yii\framework\web\actions\CInlineAction.php(49): SiteController->actionLogin()
#13 C:\xampp\htdocs\yii\framework\web\CController.php(308): CInlineAction->runWithParams()
#14 C:\xampp\htdocs\yii\framework\web\CController.php(286): SiteController->runAction()
#15 C:\xampp\htdocs\yii\framework\web\CController.php(265): SiteController->runActionWithFilters()
#16 C:\xampp\htdocs\yii\framework\web\CWebApplication.php(282): SiteController->run()
#17 C:\xampp\htdocs\yii\framework\web\CWebApplication.php(141): CWebApplication->runController()
#18 C:\xampp\htdocs\yii\framework\base\CApplication.php(169): CWebApplication->processRequest()
#19 C:\xampp\htdocs\YiiSample\index.php(13): CWebApplication->run()
REQUEST_URI=/yiisample/index.php?r=site/login
in C:\xampp\htdocs\YiiSample\protected\views\site\login.php (28)
in C:\xampp\htdocs\YiiSample\protected\controllers\SiteController.php (98)
in C:\xampp\htdocs\YiiSample\index.php (13)
2013/11/09 13:01:20 [error] [php] include(password.php): failed to open stream: No such file or directory (C:\xampp\htdocs\yii\framework\YiiBase.php:421)
Stack trace:
#0 C:\xampp\htdocs\yii\framework\validators\CValidator.php(186): import()
#1 C:\xampp\htdocs\yii\framework\base\CModel.php(286): createValidator()
#2 C:\xampp\htdocs\yii\framework\base\CModel.php(260): LoginForm->createValidators()
#3 C:\xampp\htdocs\yii\framework\base\CModel.php(303): LoginForm->getValidators()
#4 C:\xampp\htdocs\yii\framework\web\helpers\CHtml.php(1237): LoginForm->isAttributeRequired()
#5 C:\xampp\htdocs\yii\framework\web\widgets\CActiveForm.php(562): activeLabelEx()
#6 C:\xampp\htdocs\YiiSample\protected\views\site\login.php(28): CActiveForm->labelEx()
#7 C:\xampp\htdocs\yii\framework\web\CBaseController.php(126): require()
#8 C:\xampp\htdocs\yii\framework\web\CBaseController.php(95): SiteController->renderInternal()
#9 C:\xampp\htdocs\yii\framework\web\CController.php(869): SiteController->renderFile()
#10 C:\xampp\htdocs\yii\framework\web\CController.php(782): SiteController->renderPartial()
#11 C:\xampp\htdocs\YiiSample\protected\controllers\SiteController.php(98): SiteController->render()
#12 C:\xampp\htdocs\yii\framework\web\actions\CInlineAction.php(49): SiteController->actionLogin()
#13 C:\xampp\htdocs\yii\framework\web\CController.php(308): CInlineAction->runWithParams()
#14 C:\xampp\htdocs\yii\framework\web\CController.php(286): SiteController->runAction()
#15 C:\xampp\htdocs\yii\framework\web\CController.php(265): SiteController->runActionWithFilters()
#16 C:\xampp\htdocs\yii\framework\web\CWebApplication.php(282): SiteController->run()
#17 C:\xampp\htdocs\yii\framework\web\CWebApplication.php(141): CWebApplication->runController()
#18 C:\xampp\htdocs\yii\framework\base\CApplication.php(169): CWebApplication->processRequest()
#19 C:\xampp\htdocs\YiiSample\index.php(13): CWebApplication->run()
REQUEST_URI=/yiisample/index.php?r=site/login
in C:\xampp\htdocs\YiiSample\protected\views\site\login.php (28)
in C:\xampp\htdocs\YiiSample\protected\controllers\SiteController.php (98)
in C:\xampp\htdocs\YiiSample\index.php (13)
